<?xml version="1.0" encoding="UTF-8"?>
<coverage generated="1604141544048" clover="3.2.0">
  <project timestamp="1604141544048" name="All files">
    <metrics statements="20" coveredstatements="20" conditionals="11" coveredconditionals="11" methods="4" coveredmethods="4" elements="35" coveredelements="35" complexity="0" loc="20" ncloc="20" packages="1" files="2" classes="2"/>
    <file name="fizzbuzz.js" path="C:\Users\User\OneDrive\Documents\GitHub\Lab8_Jest\fizzbuzz.js">
      <metrics statements="16" coveredstatements="16" conditionals="8" coveredconditionals="8" methods="2" coveredmethods="2"/>
      <line num="1" count="1" type="stmt"/>
      <line num="2" count="1" type="stmt"/>
      <line num="3" count="1" type="stmt"/>
      <line num="4" count="5" type="cond" truecount="1" falsecount="0"/>
      <line num="5" count="5" type="cond" truecount="1" falsecount="0"/>
      <line num="6" count="2" type="stmt"/>
      <line num="7" count="5" type="cond" truecount="2" falsecount="0"/>
      <line num="8" count="1" type="stmt"/>
      <line num="9" count="3" type="cond" truecount="2" falsecount="0"/>
      <line num="10" count="1" type="stmt"/>
      <line num="11" count="1" type="stmt"/>
      <line num="12" count="1" type="stmt"/>
      <line num="13" count="1" type="stmt"/>
      <line num="14" count="5" type="stmt"/>
      <line num="15" count="1" type="stmt"/>
      <line num="16" count="1" type="cond" truecount="2" falsecount="0"/>
    </file>
    <file name="sum.js" path="C:\Users\User\OneDrive\Documents\GitHub\Lab8_Jest\sum.js">
      <metrics statements="4" coveredstatements="4" conditionals="3" coveredconditionals="3" methods="2" coveredmethods="2"/>
      <line num="1" count="1" type="cond" truecount="1" falsecount="0"/>
      <line num="2" count="1" type="stmt"/>
      <line num="3" count="1" type="stmt"/>
      <line num="4" count="1" type="cond" truecount="2" falsecount="0"/>
    </file>
  </project>
</coverage>
