TN:
SF:fizzbuzz.js
FN:16,Object.<anonymous>
FN:4,fizzbuzz
FNF:2
FNH:2
FNDA:1,Object.<anonymous>
FNDA:5,fizzbuzz
DA:1,1
DA:2,1
DA:3,1
DA:4,5
DA:5,5
DA:6,2
DA:7,5
DA:8,1
DA:9,3
DA:10,1
DA:11,1
DA:12,1
DA:13,1
DA:14,5
DA:15,1
DA:16,1
LF:16
LH:16
BRDA:16,0,0,1
BRDA:16,1,0,1
BRDA:4,2,0,5
BRDA:5,3,0,2
BRDA:7,4,0,3
BRDA:7,5,0,1
BRDA:9,6,0,2
BRDA:9,7,0,1
BRF:8
BRH:8
end_of_record
TN:
SF:sum.js
FN:4,Object.<anonymous>
FN:1,sum
FNF:2
FNH:2
FNDA:1,Object.<anonymous>
FNDA:1,sum
DA:1,1
DA:2,1
DA:3,1
DA:4,1
LF:4
LH:4
BRDA:4,0,0,1
BRDA:4,1,0,1
BRDA:1,2,0,1
BRF:3
BRH:3
end_of_record
